act_type: accel_discrete
adv_norm: false
alg: !!python/name:ut.PG ''
av_frac: 0.5
batch_concat: true
center_reward: true
collision_coef: 5
debug: false
depart_speed: 0
device: cpu
directions:
- up
- right
- down
- left
disable_amp: true
e: false
flow_rate: 700
gamma: 0.99
generic_type: true
horizon: 2000
length: 100
logger: true
low: -1
lr: 0.001
main: true
max_accel: 1.5
max_decel: 3.5
max_dist: 100
max_speed: 13
n_actions: 3
n_cols: 1
n_gds: 1
n_rollouts_per_step: 128
n_rows: 1
n_steps: 200
n_workers: 1
name: fourway_1x1_penetration0.5_cuda
norm_reward: true
obs_next_cross_platoons: 1
obs_tail: true
opt: RMSprop
opt_level: O0
render: false
res: /Users/sallysun/Desktop/mixed_autonomy_intersections/results/fourway_1x1_penetration0.5_cuda
sim_step: 0.5
speed_mode: 1
step_save: 10
tb: true
tmp: false
warmup_steps: 100
worker_kwargs:
- flow_rate_h: 700
  flow_rate_v: 700

i 0 | klcoef 0 | lr 0.001
Saved model /Users/sallysun/Desktop/mixed_autonomy_intersections/results/fourway_1x1_penetration0.5_cuda/models/model-0.pth at step 0
netconvert -o ../results/fourway_1x1_penetration0.5_cuda/sumo/net.xml -n ../results/fourway_1x1_penetration0.5_cuda/sumo/nod.xml -e ../results/fourway_1x1_penetration0.5_cuda/sumo/edg.xml -x ../results/fourway_1x1_penetration0.5_cuda/sumo/con.xml --no-turnarounds true
sumo --net-file ../results/fourway_1x1_penetration0.5_cuda/sumo/net.xml --additional-files ../results/fourway_1x1_penetration0.5_cuda/sumo/add.xml --gui-settings-file ../results/fourway_1x1_penetration0.5_cuda/sumo/gui.xml --begin 0 --step-length 0.5 --no-step-log true --time-to-teleport -1 --no-warnings true --collision.action remove --collision.check-junctions true --max-depart-delay 0.5 --random true --start true
